#
# There is insufficient memory for the Java Runtime Environment to continue.
# Native memory allocation (mmap) failed to map 4030464 bytes for G1 virtual space
# Possible reasons:
#   The system is out of physical RAM or swap space
#   The process is running with CompressedOops enabled, and the Java Heap may be blocking the growth of the native heap
# Possible solutions:
#   Reduce memory load on the system
#   Increase physical memory or swap space
#   Check if swap backing store is full
#   Decrease Java heap size (-Xmx/-Xms)
#   Decrease number of Java threads
#   Decrease Java thread stack sizes (-Xss)
#   Set larger code cache with -XX:ReservedCodeCacheSize=
#   JVM is running with Zero Based Compressed Oops mode in which the Java heap is
#     placed in the first 32GB address space. The Java Heap base address is the
#     maximum limit for the native heap growth. Please use -XX:HeapBaseMinAddress
#     to set the Java Heap base and to place the Java Heap above 32GB virtual address.
# This output file may be truncated or incomplete.
#
#  Out of Memory Error (os_windows.cpp:3548), pid=22712, tid=25856
#
# JRE version:  (17.0.12+8) (build )
# Java VM: Java HotSpot(TM) 64-Bit Server VM (17.0.12+8-LTS-286, mixed mode, sharing, tiered, compressed oops, compressed class ptrs, g1 gc, windows-amd64)
# No core dump will be written. Minidumps are not enabled by default on client versions of Windows
#

---------------  S U M M A R Y ------------

Command Line: -Dclassworlds.conf=C:\Program Files\Apache\Maven\apache-maven-3.9.9\bin\m2.conf -Dmaven.home=C:\Program Files\Apache\Maven\apache-maven-3.9.9 -Dlibrary.jansi.path=C:\Program Files\Apache\Maven\apache-maven-3.9.9\lib\jansi-native -Dmaven.multiModuleProjectDirectory=D:\projek\multi-warehouse org.codehaus.plexus.classworlds.launcher.Launcher clean install

Host: AMD Ryzen 5 4600H with Radeon Graphics         , 12 cores, 15G,  Windows 10 , 64 bit Build 19041 (10.0.19041.4957)
Time: Sun Nov 10 12:48:51 2024 SE Asia Standard Time elapsed time: 0.015220 seconds (0d 0h 0m 0s)

---------------  T H R E A D  ---------------

Current thread (0x000001b073779130):  JavaThread "Unknown thread" [_thread_in_vm, id=25856, stack(0x0000007fb9e00000,0x0000007fb9f00000)]

Stack: [0x0000007fb9e00000,0x0000007fb9f00000]
Native frames: (J=compiled Java code, j=interpreted, Vv=VM code, C=native code)
V  [jvm.dll+0x67a04a]
V  [jvm.dll+0x7da4ed]
V  [jvm.dll+0x7dbe33]
V  [jvm.dll+0x7dc4a3]
V  [jvm.dll+0x24508f]
V  [jvm.dll+0x677089]
V  [jvm.dll+0x66bd32]
V  [jvm.dll+0x301fa6]
V  [jvm.dll+0x309546]
V  [jvm.dll+0x359d58]
V  [jvm.dll+0x359f5f]
V  [jvm.dll+0x2d9078]
V  [jvm.dll+0x2d9fe4]
V  [jvm.dll+0x7aca21]
V  [jvm.dll+0x367591]
V  [jvm.dll+0x78b999]
V  [jvm.dll+0x3ec83f]
V  [jvm.dll+0x3ee471]
C  [jli.dll+0x5297]
C  [ucrtbase.dll+0x21bb2]
C  [KERNEL32.DLL+0x17374]
C  [ntdll.dll+0x4cc91]


---------------  P R O C E S S  ---------------

Threads class SMR info:
_java_thread_list=0x00007ffe1a4c7a18, length=0, elements={
}

Java Threads: ( => current thread )

Other Threads:
  0x000001b0737e3140 GCTaskThread "GC Thread#0" [stack: 0x0000007fb9f00000,0x0000007fba000000] [id=13656]
  0x000001b0737f3690 ConcurrentGCThread "G1 Main Marker" [stack: 0x0000007fba000000,0x0000007fba100000] [id=2468]
  0x000001b0737f4840 ConcurrentGCThread "G1 Conc#0" [stack: 0x0000007fba100000,0x0000007fba200000] [id=12468]

[error occurred during error reporting (printing all threads), id 0xc0000005, EXCEPTION_ACCESS_VIOLATION (0xc0000005) at pc=0x00007ffe19cf9b67]

VM state: not at safepoint (not fully initialized)

VM Mutex/Monitor currently owned by a thread:  ([mutex/lock_event])
[0x000001b073774bc0] Heap_lock - owner thread: 0x000001b073779130

Heap address: 0x000000070a000000, size: 3936 MB, Compressed Oops mode: Zero based, Oop shift amount: 3

CDS archive(s) mapped at: [0x0000000000000000-0x0000000000000000-0x0000000000000000), size 0, SharedBaseAddress: 0x0000000800000000, ArchiveRelocationMode: 1.
Narrow klass base: 0x0000000000000000, Narrow klass shift: 0, Narrow klass range: 0x0

GC Precious Log:
<Empty>

Heap:
 garbage-first heap   total 0K, used 0K [0x000000070a000000, 0x0000000800000000)
  region size 2048K, 0 young (0K), 0 survivors (0K)

[error occurred during error reporting (printing heap information), id 0xc0000005, EXCEPTION_ACCESS_VIOLATION (0xc0000005) at pc=0x00007ffe1a0e3859]

GC Heap History (0 events):
No events

Deoptimization events (0 events):
No events

Classes unloaded (0 events):
No events

Classes redefined (0 events):
No events

Internal exceptions (0 events):
No events

VM Operations (0 events):
No events

Events (1 events):
Event: 0.007 Loaded shared library C:\Program Files\Java\jdk-17\bin\java.dll


Dynamic libraries:
0x00007ff6a01c0000 - 0x00007ff6a01d0000 	C:\Program Files\Java\jdk-17\bin\java.exe
0x00007ffe49630000 - 0x00007ffe49828000 	C:\Windows\SYSTEM32\ntdll.dll
0x00007ffe49340000 - 0x00007ffe49402000 	C:\Windows\System32\KERNEL32.DLL
0x00007ffe46de0000 - 0x00007ffe470de000 	C:\Windows\System32\KERNELBASE.dll
0x00007ffe472f0000 - 0x00007ffe473f0000 	C:\Windows\System32\ucrtbase.dll
0x00007ffe33310000 - 0x00007ffe3332b000 	C:\Program Files\Java\jdk-17\bin\VCRUNTIME140.dll
0x00007ffe33340000 - 0x00007ffe33359000 	C:\Program Files\Java\jdk-17\bin\jli.dll
0x00007ffe49280000 - 0x00007ffe49332000 	C:\Windows\System32\ADVAPI32.dll
0x00007ffe48be0000 - 0x00007ffe48c7e000 	C:\Windows\System32\msvcrt.dll
0x00007ffe47ac0000 - 0x00007ffe47b60000 	C:\Windows\System32\sechost.dll
0x00007ffe48880000 - 0x00007ffe489a3000 	C:\Windows\System32\RPCRT4.dll
0x00007ffe47290000 - 0x00007ffe472b7000 	C:\Windows\System32\bcrypt.dll
0x00007ffe486d0000 - 0x00007ffe4886d000 	C:\Windows\System32\USER32.dll
0x00007ffe472c0000 - 0x00007ffe472e2000 	C:\Windows\System32\win32u.dll
0x00007ffe35850000 - 0x00007ffe35aea000 	C:\Windows\WinSxS\amd64_microsoft.windows.common-controls_6595b64144ccf1df_6.0.19041.4355_none_60b8b9eb71f62e16\COMCTL32.dll
0x00007ffe48a30000 - 0x00007ffe48a5b000 	C:\Windows\System32\GDI32.dll
0x00007ffe47170000 - 0x00007ffe47287000 	C:\Windows\System32\gdi32full.dll
0x00007ffe46d40000 - 0x00007ffe46ddd000 	C:\Windows\System32\msvcp_win.dll
0x00007ffe3f710000 - 0x00007ffe3f71a000 	C:\Windows\SYSTEM32\VERSION.dll
0x00007ffe495c0000 - 0x00007ffe495ef000 	C:\Windows\System32\IMM32.DLL
0x00007ffe34b30000 - 0x00007ffe34b3c000 	C:\Program Files\Java\jdk-17\bin\vcruntime140_1.dll
0x00007ffe1c0b0000 - 0x00007ffe1c13e000 	C:\Program Files\Java\jdk-17\bin\msvcp140.dll
0x00007ffe19a10000 - 0x00007ffe1a5f0000 	C:\Program Files\Java\jdk-17\bin\server\jvm.dll
0x00007ffe483f0000 - 0x00007ffe483f8000 	C:\Windows\System32\PSAPI.DLL
0x00007ffe3dd20000 - 0x00007ffe3dd47000 	C:\Windows\SYSTEM32\WINMM.dll
0x00007ffe2d100000 - 0x00007ffe2d109000 	C:\Windows\SYSTEM32\WSOCK32.dll
0x00007ffe48b70000 - 0x00007ffe48bdb000 	C:\Windows\System32\WS2_32.dll
0x00007ffe454b0000 - 0x00007ffe454c2000 	C:\Windows\SYSTEM32\kernel.appcore.dll
0x00007ffe33300000 - 0x00007ffe3330a000 	C:\Program Files\Java\jdk-17\bin\jimage.dll
0x00007ffe44ae0000 - 0x00007ffe44cc4000 	C:\Windows\SYSTEM32\DBGHELP.DLL
0x00007ffe319f0000 - 0x00007ffe31a24000 	C:\Windows\SYSTEM32\dbgcore.DLL
0x00007ffe470e0000 - 0x00007ffe47162000 	C:\Windows\System32\bcryptPrimitives.dll
0x00007ffe22340000 - 0x00007ffe22365000 	C:\Program Files\Java\jdk-17\bin\java.dll

dbghelp: loaded successfully - version: 4.0.5 - missing functions: none
symbol engine: initialized successfully - sym options: 0x614 - pdb path: .;C:\Program Files\Java\jdk-17\bin;C:\Windows\SYSTEM32;C:\Windows\WinSxS\amd64_microsoft.windows.common-controls_6595b64144ccf1df_6.0.19041.4355_none_60b8b9eb71f62e16;C:\Program Files\Java\jdk-17\bin\server

VM Arguments:
jvm_args: -Dclassworlds.conf=C:\Program Files\Apache\Maven\apache-maven-3.9.9\bin\m2.conf -Dmaven.home=C:\Program Files\Apache\Maven\apache-maven-3.9.9 -Dlibrary.jansi.path=C:\Program Files\Apache\Maven\apache-maven-3.9.9\lib\jansi-native -Dmaven.multiModuleProjectDirectory=D:\projek\multi-warehouse 
java_command: org.codehaus.plexus.classworlds.launcher.Launcher clean install
java_class_path (initial): C:\Program Files\Apache\Maven\apache-maven-3.9.9\boot\plexus-classworlds-2.8.0.jar
Launcher Type: SUN_STANDARD

[Global flags]
     intx CICompilerCount                          = 4                                         {product} {ergonomic}
     uint ConcGCThreads                            = 3                                         {product} {ergonomic}
     uint G1ConcRefinementThreads                  = 10                                        {product} {ergonomic}
   size_t G1HeapRegionSize                         = 2097152                                   {product} {ergonomic}
    uintx GCDrainStackTargetSize                   = 64                                        {product} {ergonomic}
   size_t InitialHeapSize                          = 257949696                                 {product} {ergonomic}
   size_t MarkStackSize                            = 4194304                                   {product} {ergonomic}
   size_t MaxHeapSize                              = 4127195136                                {product} {ergonomic}
   size_t MinHeapDeltaBytes                        = 2097152                                   {product} {ergonomic}
   size_t MinHeapSize                              = 8388608                                   {product} {ergonomic}
    uintx NonNMethodCodeHeapSize                   = 5839372                                {pd product} {ergonomic}
    uintx NonProfiledCodeHeapSize                  = 122909434                              {pd product} {ergonomic}
    uintx ProfiledCodeHeapSize                     = 122909434                              {pd product} {ergonomic}
    uintx ReservedCodeCacheSize                    = 251658240                              {pd product} {ergonomic}
     bool SegmentedCodeCache                       = true                                      {product} {ergonomic}
   size_t SoftMaxHeapSize                          = 4127195136                             {manageable} {ergonomic}
     bool UseCompressedClassPointers               = true                           {product lp64_product} {ergonomic}
     bool UseCompressedOops                        = true                           {product lp64_product} {ergonomic}
     bool UseG1GC                                  = true                                      {product} {ergonomic}
     bool UseLargePagesIndividualAllocation        = false                                  {pd product} {ergonomic}

Logging:
Log output configuration:
 #0: stdout all=warning uptime,level,tags
 #1: stderr all=off uptime,level,tags

Environment Variables:
JAVA_HOME=C:\Program Files\Java\jdk-17
PATH=C:\Program Files\Java\jdk-17\bin;C:\Program Files\Common Files\Oracle\Java\javapath;C:\Program Files (x86)\Common Files\Oracle\Java\javapath;C:\Windows\system32;C:\Windows;C:\Windows\System32\Wbem;C:\Windows\System32\WindowsPowerShell\v1.0\;C:\Windows\System32\OpenSSH\;C:\Program Files (x86)\NVIDIA Corporation\PhysX\Common;C:\Program Files\NVIDIA Corporation\NVIDIA NvDLISR;C:\Program Files\Git\cmd;C:\xampp\php;C:\phalcon-devtools-master;C:\Users\ACER\AppData\Local\Programs\Python\Python39\Scripts;C:\Program Files\PostgreSQL\13\bin;C:\Program Files\Heroku\bin;C:\Program Files\nodejs\;C:\Program Files\Dart\dart-sdk\bin;C:\Program Files\Docker\Docker\resources\bin;C:\ProgramData\DockerDesktop\version-bin;C:\ProgramData\ComposerSetup\bin;C:\Program Files\PuTTY\;C:\ProgramData\chocolatey\bin;C:\Program Files\Go\bin;C:\wamp64\bin\mysql\mysql8.1.0\bin;C:\Program Files\Apache\Maven\apache-maven-3.9.9\bin;C:\Users\ACER\AppData\Local\Programs\Python\Python310\Scripts\;C:\Users\ACER\AppData\Local\Programs\Python\Python310\;C:\Program Files (x86)\Common Files\Oracle\Java\javapath;C:\Windows\system32;C:\Windows;C:\Windows\System32\Wbem;C:\Windows\System32\WindowsPowerShell\v1.0\;C:\Windows\System32\OpenSSH\;C:\Program Files (x86)\NVIDIA Corporation\PhysX\Common;C:\Program Files\NVIDIA Corporation\NVIDIA NvDLISR;C:\Program Files\Git\cmd;C:\xampp\php;C:\ProgramData\ComposerSetup\bin;C:\Program Files\nodejs\;C:\Program Files\Docker\Docker\resources\bin;C:\ProgramData\DockerDesktop\version-bin;C:\phalcon-devtools-master;C:\Program Files (x86)\Common Files\Oracle\Java\javapath;C:\Windows\system32;C:\Windows;C:\Windows\System32\Wbem;C:\Windows\System32\WindowsPowerShell\v1.0\;C:\Windows\System32\OpenSSH\;C:\Program Files (x86)\NVIDIA Corporation\PhysX\Common;C:\Program Files\NVIDIA Corporation\NVIDIA NvDLISR;C:\Program Files\Git\cmd;C:\ProgramData\ComposerSetup\bin;C:\Program Files\nodejs\;C:\Program Files\Docker\Docker\resources\bin;C:\ProgramData\DockerDesktop\version-bin;C:\phalc
USERNAME=ACER
OS=Windows_NT
PROCESSOR_IDENTIFIER=AMD64 Family 23 Model 96 Stepping 1, AuthenticAMD



---------------  S Y S T E M  ---------------

OS:
 Windows 10 , 64 bit Build 19041 (10.0.19041.4957)
OS uptime: 0 days 20:19 hours
Hyper-V role detected

CPU: total 12 (initial active 12) (12 cores per cpu, 2 threads per core) family 23 model 96 stepping 1 microcode 0x0, cx8, cmov, fxsr, ht, mmx, 3dnowpref, sse, sse2, sse3, ssse3, sse4a, sse4.1, sse4.2, popcnt, lzcnt, tsc, tscinvbit, avx, avx2, aes, clmul, bmi1, bmi2, adx, sha, fma, vzeroupper, clflush, clflushopt, hv

Memory: 4k page, system-wide physical 15741M (1271M free)
TotalPageFile size 28241M (AvailPageFile size 13M)
current process WorkingSet (physical memory assigned to process): 11M, peak: 11M
current process commit charge ("private bytes"): 314M, peak: 318M

vm_info: Java HotSpot(TM) 64-Bit Server VM (17.0.12+8-LTS-286) for windows-amd64 JRE (17.0.12+8-LTS-286), built on Jun  5 2024 06:46:59 by "mach5one" with MS VC++ 17.6 (VS2022)

END.
